( JMP,    0,    5 )
( LAB,    0,    1 )
( INT,    0,    3 )
( LOD,    0,   -1 )
( LOD,    0,   -1 )
( OPR,    0,    4 )
( RET,    0,    1 )
( LAB,    0,    2 )
( INT,    0,    5 )
( LIT,    0,    1 )
( STO,    0,    4 )
( LIT,    0,    0 )
( STO,    0,    3 )
( LAB,    0,    3 )
( LOD,    0,    4 )
( LOD,    0,   -1 )
( OPR,    0,   13 )
( JPC,    0,    4 )
( LOD,    0,    3 )
( LOD,    0,    4 )
( CAL,    0,    1 )
( OPR,    0,    2 )
( STO,    0,    3 )
( LOD,    0,    4 )
( LIT,    0,    1 )
( OPR,    0,    2 )
( STO,    0,    4 )
( JMP,    0,    3 )
( LAB,    0,    4 )
( LOD,    0,    3 )
( RET,    0,    1 )
( LAB,    0,    5 )
( INT,    0,    4 )
( CSP,    0,    0 )
( STO,    0,    3 )
( LOD,    0,    3 )
( CAL,    0,    2 )
( CSP,    0,    1 )
( CSP,    0,    2 )
( OPR,    0,    0 )
